<?xml version="1.0" encoding="UTF-8"?>
<!-- Generated by org.testng.reporters.JUnitReportReporter -->
<testsuite skipped="0" hostname="ATMECSINLT-065" name="com.DemoAuto.Registration" tests="2" failures="0" timestamp="2019-08-29T12:55:01 IST" time="12.532" errors="0">
  <testcase name="setUp" time="8.533" classname="com.DemoAuto.Registration"/>
  <testcase name="registration" time="3.999" classname="com.DemoAuto.Registration"/>
</testsuite> <!-- com.DemoAuto.Registration -->
